<?xml version="1.0" encoding="UTF-8"?>
<!-- Generated by org.testng.reporters.JUnitXMLReporter -->
<testsuite hostname="DESKTOP-QJ8FI0G" ignored="0" name="Validate Courses Displayed" tests="2" failures="1" timestamp="25 Jun 2020 18:11:39 GMT" time="77.834" errors="0">
  <testcase name="tc4_validateFeaturedcourses" time="48.707" classname="testcases.tc_validateCoursesDisplayed"/>
  <testcase name="tc4_validateFeaturedcourses" time="49.098" classname="testcases.tc_validateCoursesDisplayed">
    <failure type="java.lang.NullPointerException">
      <![CDATA[java.lang.NullPointerException
at testcases.Listeners.onTestSuccess(Listeners.java:36)
at java.util.concurrent.FutureTask.run(FutureTask.java:266)
at java.util.concurrent.ThreadPoolExecutor.runWorker(ThreadPoolExecutor.java:1142)
at java.util.concurrent.ThreadPoolExecutor$Worker.run(ThreadPoolExecutor.java:617)
at java.lang.Thread.run(Thread.java:745)
... Removed 13 stack frames]]>
    </failure>
  </testcase> <!-- tc4_validateFeaturedcourses -->
</testsuite> <!-- Validate Courses Displayed -->
